VT =  0.025000
BFN =  178.70
VAFN =  69.700
RE1 =  100
RC1 =  500
RB1 =  100000
RB2 =  20000
VBEON =  0.70000
VCC =  12
RS =  100
RB =  16666.66667
VEQ =  2
IB1 =  0.000037532
IC1 =  0.0067071
IE1 =  0.0067446
VE1 =  0.67446
VO1 =  8.6465
VCE =  7.9720
gm1 =  0.26828
rpi1 =  666.09
ro1 =  10392.04368
RSB =  99.404
AV1_RE = -4.7280
AVI_DB_RE =  13.493
AV1simple_RE =  4.7916
AVIsimple_DB_RE =  13.610
RE1 = 0
AV1 = -110.70
AVI_DB =  40.883
AV1simple = -133.34
AVIsimple_DB =  42.499
RE1 =  100
ZI1_RE =  8574.4
ZX_RE =  225046.92904
ZX_RE =  225046.92904
ZO1_RE =  498.89
RE1 = 0
ZI1 =  640.49
ZO1 =  477.05
RE1 =  100
RL =  8
BFP =  227.30
VAFP =  37.200
RE2 =  100
VEBON =  0.70000
VI2 =  8.6465
IE2 =  0.026535
IC2 =  0.026419
VO2 =  9.3465
gm2 =  1.0568
go2 =  0.00071019
gpi2 =  0.0046492
ge2 =  0.010000
AV2 =  0.98567
ZI2 =  15013.86300
ZO2 =  0.93273
gB =  0.0014448
AV = -107.22
AV_DB =  40.605
ZI =  640.49
ZO =  2.9364
Vin =  0.010000
rpi2 =  215.09
ro2 =  1408.1
uco =  3106930
lco =  11.752
bandwith =  3106918.24831
cost =  8116.0
merit =  3492.7
$V_{CE}$ & 7.972014
$V_{BE}$ & 0.7000000
$V_{O1}$ & 8.646473
$V_{EC}$ & 9.346473
$V_{EB}$ & 0.7000000
$V_{O2}$ & 9.346473
$Z_{I1}$ & 640.4922
$Z_{O1}$ & 477.0475
$AV_{1}$ & 110.6998
$Z_{I2}$ & 15013.86
$Z_{O2}$ & 0.9327305
$AV_{2}$ & 0.9856738
$Z_{I}$ & 640.4922
$Z_{O}$ & 2.9364
$AV$ & 107.21838
$uco$ & 3106930.0
$lco$ & 11.75169
$bandwith$ & 3106918.25
$cost$ & 8116.008
$merit$ & 3492.661
