Symbolic pkg v2.8.0: Python communication link active, SymPy v1.5.1.
Icn = 0
$I_b$ & -2.658976e-04
$I_c$ & 0
$I_R$$_1$ & 2.536488e-04
$I_R$$_2$ & 2.658976e-04
$I_R$$_3$ & -1.224882e-05
$I_R$$_4$ & 1.205310e-03
$I_R$$_5$ & -2.658976e-04
$I_R$$_6$ & 9.516615e-04
$I_R$$_7$ & 9.516615e-04
$V_1$ & 5.054819
$V_2$ & 4.793705
$V_3$ & 4.258198
$V_4$ & 4.831047
$V_5$ & 5.668298
$V_6$ & -1.934226
$V_7$ & -2.905231
$V_8$ & -1.934226
$I_b$ & 0.000000
$I_R$$_1$ & 0.000000
$I_R$$_2$ & 0.000000
$I_R$$_3$ & 0.000000
$I_R$$_4$ & 0.000000
$I_R$$_5$ & -2.722816e-03
$I_R$$_6$ & -0.000000
$I_R$$_7$ & 0.000000
$V_1$ & 0.000000
$V_2$ & 0.000000
$V_3$ & 0.000000
$V_4$ & 0.000000
$V_5$ & 8.573530
$V_6$ & 0.000000
$V_7$ & 0.000000
$V_8$ & 0.000000
$V_X$ & 8.573530
$I_X$ & -2.722816e-03
$R_e$$_q$ & -3148.773562
$tau$ & -3.239212e-03
f =  1000
w =  6283.185307179586
